2024-01-15 14:22:10.456 INFO  --- [main] com.example.Application : Starting Application using Java 11.0.16 on hostname with PID 67890
2024-01-15 14:22:10.458 INFO  --- [main] com.example.Application : No active profile set, falling back to default profiles: default
2024-01-15 14:22:10.500 INFO  --- [main] o.s.b.w.embedded.tomcat.TomcatWebServer : Tomcat initialized with port(s): 8080 (http)
2024-01-15 14:22:10.501 INFO  --- [main] o.apache.catalina.core.StandardService : Starting service [Tomcat]
2024-01-15 14:22:10.502 INFO  --- [main] org.apache.catalina.core.StandardEngine : Starting Servlet engine: [Apache Tomcat/9.0.65]
2024-01-15 14:22:10.550 INFO  --- [main] o.a.c.c.C.[Tomcat].[localhost].[/] : Initializing Spring embedded WebApplicationContext
2024-01-15 14:22:10.551 INFO  --- [main] w.s.c.ServletWebServerApplicationContext : Root WebApplicationContext: initialization completed in 50 ms
2024-01-15 14:22:10.600 INFO  --- [main] o.s.b.w.embedded.tomcat.TomcatWebServer : Tomcat started on port(s): 8080 (http) with context path ''
2024-01-15 14:22:10.601 INFO  --- [main] com.example.Application : Started Application in 0.145 seconds (JVM running for 0.156)
2024-01-15 14:22:15.123 ERROR --- [http-nio-8080-exec-1] o.s.web.servlet.DispatcherServlet : Servlet.service() for servlet [dispatcherServlet] in context with path [] threw exception

java.lang.OutOfMemoryError: Java heap space
	at java.base/java.util.Arrays.copyOf(Arrays.java:3512)
	at java.base/java.util.ArrayList.grow(ArrayList.java:267)
	at java.base/java.util.ArrayList.ensureExplicitCapacity(ArrayList.java:241)
	at java.base/java.util.ArrayList.ensureInternalCapacity(ArrayList.java:233)
	at java.base/java.util.ArrayList.add(ArrayList.java:464)
	at com.example.service.DataProcessingService.processLargeDataset(DataProcessingService.java:45)
	at com.example.controller.DataController.processData(DataController.java:23)
	at java.base/jdk.internal.reflect.NativeMethodAccessorImpl.invoke0(Native Method)
	at java.base/jdk.internal.reflect.NativeMethodAccessorImpl.invoke(NativeMethodAccessorImpl.java:62)
	at java.base/jdk.internal.reflect.DelegatingMethodAccessorImpl.invoke(DelegatingMethodAccessorImpl.java:43)
	at java.base/java.lang.reflect.Method.invoke(Method.java:566)
	at org.springframework.web.method.support.InvocableHandlerMethod.doInvoke(InvocableHandlerMethod.java:205)
	at org.springframework.web.method.support.InvocableHandlerMethod.invokeForRequest(InvocableHandlerMethod.java:150)
	at org.springframework.web.servlet.mvc.method.annotation.ServletInvocableHandlerMethod.invokeAndHandle(ServletInvocableHandlerMethod.java:117)
	at org.springframework.web.servlet.mvc.method.annotation.RequestMappingHandlerAdapter.invokeHandlerMethod(RequestMappingHandlerAdapter.java:895)
	at org.springframework.web.servlet.mvc.method.annotation.RequestMappingHandlerAdapter.handleInternal(RequestMappingHandlerAdapter.java:808)
	at org.springframework.web.servlet.mvc.method.AbstractHandlerMethodAdapter.handle(AbstractHandlerMethodAdapter.java:87)
	at org.springframework.web.servlet.DispatcherServlet.doDispatch(DispatcherServlet.java:1067)
	at org.springframework.web.servlet.DispatcherServlet.doService(DispatcherServlet.java:963)
	at org.springframework.web.servlet.FrameworkServlet.processRequest(FrameworkServlet.java:1006)
	at org.springframework.web.servlet.FrameworkServlet.doPost(FrameworkServlet.java:909)
	at javax.servlet.http.HttpServlet.service(HttpServlet.java:681)
	at org.springframework.web.servlet.FrameworkServlet.service(FrameworkServlet.java:883)
	at javax.servlet.http.HttpServlet.service(HttpServlet.java:764)
	at org.apache.catalina.core.ApplicationFilterChain.internalDoFilter(ApplicationFilterChain.java:227)
	at org.apache.catalina.core.ApplicationFilterChain.doFilter(ApplicationFilterChain.java:162)
	at org.apache.catalina.core.StandardWrapperValve.invoke(StandardWrapperValve.java:197)
	at org.apache.catalina.core.StandardContextValve.invoke(StandardContextValve.java:97)
	at org.apache.catalina.authenticator.AuthenticatorBase.invoke(AuthenticatorBase.java:540)
	at org.apache.catalina.core.StandardHostValve.invoke(StandardHostValve.java:135)
	at org.apache.catalina.valves.ErrorReportValve.invoke(ErrorReportValve.java:92)
	at org.apache.catalina.core.StandardEngineValve.invoke(StandardEngineValve.java:78)
	at org.apache.catalina.connector.CoyoteAdapter.service(CoyoteAdapter.java:357)
	at org.apache.coyote.http11.Http11Processor.service(Http11Processor.java:382)
	at org.apache.coyote.AbstractProcessorLight.process(AbstractProcessorLight.java:65)
	at org.apache.coyote.AbstractProtocol$ConnectionHandler.process(AbstractProtocol.java:893)
	at org.apache.nio.NioEndpoint$SocketProcessor.doRun(NioEndpoint.java:1726)
	at org.apache.nio.NioEndpoint$SocketProcessor.run(NioEndpoint.java:1685)
	at java.base/java.util.concurrent.ThreadPoolExecutor.runWorker(ThreadPoolExecutor.java:1128)
	at java.base/java.util.concurrent.ThreadPoolExecutor$Worker.run(ThreadPoolExecutor.java:628)
	at org.apache.tomcat.util.threads.TaskThread$WrappingRunnable.run(TaskThread.java:61)
	at java.base/java.lang.Thread.run(Thread.java:829)

2024-01-15 14:22:15.125 ERROR --- [http-nio-8080-exec-1] o.a.c.c.C.[.[localhost].[/] : Exception Processing ErrorPage[errorCode=0, location=/error]
java.lang.OutOfMemoryError: Java heap space
	at java.base/java.util.Arrays.copyOf(Arrays.java:3512)
	at java.base/java.util.ArrayList.grow(ArrayList.java:267)
	at java.base/java.util.ArrayList.ensureExplicitCapacity(ArrayList.java:241)
	at java.base/java.util.ArrayList.ensureInternalCapacity(ArrayList.java:233)
	at java.base/java.util.ArrayList.add(ArrayList.java:464)
	at com.example.service.DataProcessingService.processLargeDataset(DataProcessingService.java:45)
	at com.example.controller.DataController.processData(DataController.java:23)
